<?xml version="1.0" encoding="UTF-8"?>
<!-- Generated by org.testng.reporters.JUnitReportReporter -->
<testsuite hostname="DESKTOP-K6FN0U1" failures="0" tests="1" name="testCases.Vaibhavi_TC_Enquiryform" time="8.425" errors="0" timestamp="2023-10-06T20:10:32 IST" skipped="0">
  <testcase classname="testCases.Vaibhavi_TC_Enquiryform" name="FirstTest" time="8.425"/>
  <system-out/>
</testsuite> <!-- testCases.Vaibhavi_TC_Enquiryform -->
