<?xml version="1.0" encoding="UTF-8"?>
<!-- Generated by org.testng.reporters.JUnitReportReporter -->
<testsuite hostname="DESKTOP-C92595F" failures="0" tests="1" name="testCases.TC_newapplication_006" time="9.877" errors="0" timestamp="2023-10-03T19:16:19 IST" skipped="0">
  <testcase classname="testCases.TC_newapplication_006" name="risuuepa" time="9.877"/>
  <system-out/>
</testsuite> <!-- testCases.TC_newapplication_006 -->
